{"C:\\Users\\Windows\\Desktop\\rocketset\\backend\\src\\app.js": {"path":"C:\\Users\\Windows\\Desktop\\rocketset\\backend\\src\\app.js","statementMap":{"0":{"start":{"line":1,"column":16},"end":{"line":1,"column":34}},"1":{"start":{"line":2,"column":15},"end":{"line":2,"column":34}},"2":{"start":{"line":3,"column":13},"end":{"line":3,"column":28}},"3":{"start":{"line":4,"column":12},"end":{"line":4,"column":21}},"4":{"start":{"line":5,"column":19},"end":{"line":5,"column":39}},"5":{"start":{"line":7,"column":0},"end":{"line":7,"column":15}},"6":{"start":{"line":8,"column":0},"end":{"line":8,"column":23}},"7":{"start":{"line":9,"column":0},"end":{"line":9,"column":15}},"8":{"start":{"line":10,"column":0},"end":{"line":10,"column":17}},"9":{"start":{"line":14,"column":0},"end":{"line":14,"column":20}}},"fnMap":{},"branchMap":{},"s":{"0":4,"1":4,"2":4,"3":4,"4":4,"5":4,"6":4,"7":4,"8":4,"9":4},"f":{},"b":{},"_coverageSchema":"1a1c01bbd47fc00a2c39e90264f33305004495a9","hash":"7f260791d5444ba5b5ccf692695dbbf361fef11d"}
,"C:\\Users\\Windows\\Desktop\\rocketset\\backend\\src\\routes.js": {"path":"C:\\Users\\Windows\\Desktop\\rocketset\\backend\\src\\routes.js","statementMap":{"0":{"start":{"line":2,"column":37},"end":{"line":2,"column":57}},"1":{"start":{"line":3,"column":16},"end":{"line":3,"column":34}},"2":{"start":{"line":4,"column":22},"end":{"line":4,"column":60}},"3":{"start":{"line":5,"column":27},"end":{"line":5,"column":71}},"4":{"start":{"line":6,"column":26},"end":{"line":6,"column":68}},"5":{"start":{"line":7,"column":26},"end":{"line":7,"column":68}},"6":{"start":{"line":8,"column":15},"end":{"line":8,"column":31}},"7":{"start":{"line":10,"column":0},"end":{"line":18,"column":25}},"8":{"start":{"line":20,"column":0},"end":{"line":20,"column":40}},"9":{"start":{"line":22,"column":0},"end":{"line":26,"column":29}},"10":{"start":{"line":29,"column":0},"end":{"line":38,"column":30}},"11":{"start":{"line":40,"column":0},"end":{"line":44,"column":29}},"12":{"start":{"line":46,"column":0},"end":{"line":53,"column":30}},"13":{"start":{"line":55,"column":0},"end":{"line":59,"column":28}},"14":{"start":{"line":61,"column":0},"end":{"line":61,"column":23}}},"fnMap":{},"branchMap":{},"s":{"0":4,"1":4,"2":4,"3":4,"4":4,"5":4,"6":4,"7":4,"8":4,"9":4,"10":4,"11":4,"12":4,"13":4,"14":4},"f":{},"b":{},"_coverageSchema":"1a1c01bbd47fc00a2c39e90264f33305004495a9","hash":"8d9c493981b9a7f6638871f2eb3014b899560c9c"}
,"C:\\Users\\Windows\\Desktop\\rocketset\\backend\\src\\controllers\\IncidentsController.js": {"path":"C:\\Users\\Windows\\Desktop\\rocketset\\backend\\src\\controllers\\IncidentsController.js","statementMap":{"0":{"start":{"line":3,"column":19},"end":{"line":3,"column":52}},"1":{"start":{"line":5,"column":0},"end":{"line":60,"column":1}},"2":{"start":{"line":7,"column":29},"end":{"line":7,"column":42}},"3":{"start":{"line":9,"column":26},"end":{"line":10,"column":16}},"4":{"start":{"line":12,"column":26},"end":{"line":22,"column":10}},"5":{"start":{"line":24,"column":8},"end":{"line":24,"column":59}},"6":{"start":{"line":26,"column":8},"end":{"line":26,"column":39}},"7":{"start":{"line":30,"column":46},"end":{"line":30,"column":58}},"8":{"start":{"line":31,"column":23},"end":{"line":31,"column":52}},"9":{"start":{"line":33,"column":21},"end":{"line":38,"column":10}},"10":{"start":{"line":40,"column":8},"end":{"line":40,"column":36}},"11":{"start":{"line":44,"column":23},"end":{"line":44,"column":37}},"12":{"start":{"line":45,"column":23},"end":{"line":45,"column":52}},"13":{"start":{"line":47,"column":25},"end":{"line":50,"column":16}},"14":{"start":{"line":52,"column":8},"end":{"line":54,"column":9}},"15":{"start":{"line":53,"column":12},"end":{"line":53,"column":83}},"16":{"start":{"line":56,"column":8},"end":{"line":56,"column":62}},"17":{"start":{"line":58,"column":8},"end":{"line":58,"column":42}}},"fnMap":{"0":{"name":"(anonymous_0)","decl":{"start":{"line":6,"column":4},"end":{"line":6,"column":5}},"loc":{"start":{"line":6,"column":35},"end":{"line":27,"column":5}},"line":6},"1":{"name":"(anonymous_1)","decl":{"start":{"line":29,"column":4},"end":{"line":29,"column":5}},"loc":{"start":{"line":29,"column":36},"end":{"line":41,"column":5}},"line":29},"2":{"name":"(anonymous_2)","decl":{"start":{"line":43,"column":4},"end":{"line":43,"column":5}},"loc":{"start":{"line":43,"column":36},"end":{"line":59,"column":5}},"line":43}},"branchMap":{"0":{"loc":{"start":{"line":7,"column":16},"end":{"line":7,"column":24}},"type":"default-arg","locations":[{"start":{"line":7,"column":23},"end":{"line":7,"column":24}}],"line":7},"1":{"loc":{"start":{"line":52,"column":8},"end":{"line":54,"column":9}},"type":"if","locations":[{"start":{"line":52,"column":8},"end":{"line":54,"column":9}},{"start":{"line":52,"column":8},"end":{"line":54,"column":9}}],"line":52}},"s":{"0":4,"1":4,"2":1,"3":1,"4":1,"5":1,"6":1,"7":10,"8":10,"9":10,"10":10,"11":2,"12":2,"13":2,"14":2,"15":1,"16":1,"17":1},"f":{"0":1,"1":10,"2":2},"b":{"0":[1],"1":[1,1]},"_coverageSchema":"1a1c01bbd47fc00a2c39e90264f33305004495a9","hash":"e87228d5baf81935990cccbd3cdf6f573426a4b1"}
,"C:\\Users\\Windows\\Desktop\\rocketset\\backend\\src\\controllers\\OngController.js": {"path":"C:\\Users\\Windows\\Desktop\\rocketset\\backend\\src\\controllers\\OngController.js","statementMap":{"0":{"start":{"line":1,"column":19},"end":{"line":1,"column":52}},"1":{"start":{"line":3,"column":23},"end":{"line":3,"column":57}},"2":{"start":{"line":5,"column":0},"end":{"line":31,"column":1}},"3":{"start":{"line":7,"column":21},"end":{"line":7,"column":57}},"4":{"start":{"line":9,"column":8},"end":{"line":9,"column":34}},"5":{"start":{"line":15,"column":15},"end":{"line":15,"column":31}},"6":{"start":{"line":17,"column":48},"end":{"line":17,"column":60}},"7":{"start":{"line":20,"column":4},"end":{"line":27,"column":6}},"8":{"start":{"line":29,"column":4},"end":{"line":29,"column":32}}},"fnMap":{"0":{"name":"(anonymous_0)","decl":{"start":{"line":6,"column":4},"end":{"line":6,"column":5}},"loc":{"start":{"line":6,"column":36},"end":{"line":10,"column":5}},"line":6},"1":{"name":"(anonymous_1)","decl":{"start":{"line":12,"column":4},"end":{"line":12,"column":5}},"loc":{"start":{"line":12,"column":36},"end":{"line":30,"column":5}},"line":12}},"branchMap":{},"s":{"0":4,"1":4,"2":4,"3":1,"4":1,"5":10,"6":10,"7":10,"8":10},"f":{"0":1,"1":10},"b":{},"_coverageSchema":"1a1c01bbd47fc00a2c39e90264f33305004495a9","hash":"8c18a1c24faa257389cf2cc652f85324072bf7cb"}
,"C:\\Users\\Windows\\Desktop\\rocketset\\backend\\src\\controllers\\ProfileController.js": {"path":"C:\\Users\\Windows\\Desktop\\rocketset\\backend\\src\\controllers\\ProfileController.js","statementMap":{"0":{"start":{"line":3,"column":19},"end":{"line":3,"column":52}},"1":{"start":{"line":5,"column":0},"end":{"line":15,"column":1}},"2":{"start":{"line":7,"column":23},"end":{"line":7,"column":52}},"3":{"start":{"line":9,"column":26},"end":{"line":9,"column":91}},"4":{"start":{"line":13,"column":8},"end":{"line":13,"column":39}}},"fnMap":{"0":{"name":"(anonymous_0)","decl":{"start":{"line":6,"column":4},"end":{"line":6,"column":5}},"loc":{"start":{"line":6,"column":35},"end":{"line":14,"column":5}},"line":6}},"branchMap":{},"s":{"0":4,"1":4,"2":1,"3":1,"4":1},"f":{"0":1},"b":{},"_coverageSchema":"1a1c01bbd47fc00a2c39e90264f33305004495a9","hash":"8c614b2b56d24fcfa0b0a9292cbc7af0a7c932f2"}
,"C:\\Users\\Windows\\Desktop\\rocketset\\backend\\src\\controllers\\SessionController.js": {"path":"C:\\Users\\Windows\\Desktop\\rocketset\\backend\\src\\controllers\\SessionController.js","statementMap":{"0":{"start":{"line":3,"column":19},"end":{"line":3,"column":52}},"1":{"start":{"line":5,"column":0},"end":{"line":20,"column":1}},"2":{"start":{"line":7,"column":23},"end":{"line":7,"column":35}},"3":{"start":{"line":9,"column":20},"end":{"line":12,"column":16}},"4":{"start":{"line":14,"column":8},"end":{"line":16,"column":9}},"5":{"start":{"line":15,"column":12},"end":{"line":15,"column":84}},"6":{"start":{"line":18,"column":8},"end":{"line":18,"column":33}}},"fnMap":{"0":{"name":"(anonymous_0)","decl":{"start":{"line":6,"column":4},"end":{"line":6,"column":5}},"loc":{"start":{"line":6,"column":36},"end":{"line":19,"column":5}},"line":6}},"branchMap":{"0":{"loc":{"start":{"line":14,"column":8},"end":{"line":16,"column":9}},"type":"if","locations":[{"start":{"line":14,"column":8},"end":{"line":16,"column":9}},{"start":{"line":14,"column":8},"end":{"line":16,"column":9}}],"line":14}},"s":{"0":4,"1":4,"2":2,"3":2,"4":2,"5":1,"6":1},"f":{"0":2},"b":{"0":[1,1]},"_coverageSchema":"1a1c01bbd47fc00a2c39e90264f33305004495a9","hash":"1fb099f15498edf7be114962e8ea2efaab1dcf1a"}
,"C:\\Users\\Windows\\Desktop\\rocketset\\backend\\src\\utils\\generateUserId.js": {"path":"C:\\Users\\Windows\\Desktop\\rocketset\\backend\\src\\utils\\generateUserId.js","statementMap":{"0":{"start":{"line":1,"column":15},"end":{"line":1,"column":32}},"1":{"start":{"line":3,"column":0},"end":{"line":5,"column":1}},"2":{"start":{"line":4,"column":4},"end":{"line":4,"column":48}}},"fnMap":{"0":{"name":"generateUserId","decl":{"start":{"line":3,"column":26},"end":{"line":3,"column":40}},"loc":{"start":{"line":3,"column":43},"end":{"line":5,"column":1}},"line":3}},"branchMap":{},"s":{"0":5,"1":5,"2":11},"f":{"0":11},"b":{},"_coverageSchema":"1a1c01bbd47fc00a2c39e90264f33305004495a9","hash":"29f9f13a8225753389a1612c83517b8006a90661"}
}
