TN:
SF:src\app.js
FNF:0
FNH:0
DA:1,4
DA:2,4
DA:3,4
DA:4,4
DA:5,4
DA:7,4
DA:8,4
DA:9,4
DA:10,4
DA:14,4
LF:10
LH:10
BRF:0
BRH:0
end_of_record
TN:
SF:src\routes.js
FNF:0
FNH:0
DA:2,4
DA:3,4
DA:4,4
DA:5,4
DA:6,4
DA:7,4
DA:8,4
DA:10,4
DA:20,4
DA:22,4
DA:29,4
DA:40,4
DA:46,4
DA:55,4
DA:61,4
LF:15
LH:15
BRF:0
BRH:0
end_of_record
TN:
SF:src\controllers\IncidentsController.js
FN:6,(anonymous_0)
FN:29,(anonymous_1)
FN:43,(anonymous_2)
FNF:3
FNH:3
FNDA:1,(anonymous_0)
FNDA:10,(anonymous_1)
FNDA:2,(anonymous_2)
DA:3,4
DA:5,4
DA:7,1
DA:9,1
DA:12,1
DA:24,1
DA:26,1
DA:30,10
DA:31,10
DA:33,10
DA:40,10
DA:44,2
DA:45,2
DA:47,2
DA:52,2
DA:53,1
DA:56,1
DA:58,1
LF:18
LH:18
BRDA:7,0,0,1
BRDA:52,1,0,1
BRDA:52,1,1,1
BRF:3
BRH:3
end_of_record
TN:
SF:src\controllers\OngController.js
FN:6,(anonymous_0)
FN:12,(anonymous_1)
FNF:2
FNH:2
FNDA:1,(anonymous_0)
FNDA:10,(anonymous_1)
DA:1,4
DA:3,4
DA:5,4
DA:7,1
DA:9,1
DA:15,10
DA:17,10
DA:20,10
DA:29,10
LF:9
LH:9
BRF:0
BRH:0
end_of_record
TN:
SF:src\controllers\ProfileController.js
FN:6,(anonymous_0)
FNF:1
FNH:1
FNDA:1,(anonymous_0)
DA:3,4
DA:5,4
DA:7,1
DA:9,1
DA:13,1
LF:5
LH:5
BRF:0
BRH:0
end_of_record
TN:
SF:src\controllers\SessionController.js
FN:6,(anonymous_0)
FNF:1
FNH:1
FNDA:2,(anonymous_0)
DA:3,4
DA:5,4
DA:7,2
DA:9,2
DA:14,2
DA:15,1
DA:18,1
LF:7
LH:7
BRDA:14,0,0,1
BRDA:14,0,1,1
BRF:2
BRH:2
end_of_record
TN:
SF:src\utils\generateUserId.js
FN:3,generateUserId
FNF:1
FNH:1
FNDA:11,generateUserId
DA:1,5
DA:3,5
DA:4,11
LF:3
LH:3
BRF:0
BRH:0
end_of_record
